<?xml version="1.0" encoding="UTF-8"?>
<!-- Generated by org.testng.reporters.JUnitXMLReporter -->
<testsuite ignored="0" hostname="Priya_Oryggi" failures="1" tests="9" name="All Tests" time="53.03" errors="0" timestamp="2025-04-04T16:13:36 IST">
  <testcase classname="com.oryggi.tests.LoginTest" name="testEmptyFieldsValidation" time="0.79"/>
  <testcase classname="com.oryggi.tests.LoginTest" name="testLoginWithEmail" time="1.886"/>
  <testcase classname="com.oryggi.tests.LoginTest" name="testLoginWithEmptyPassword" time="0.434"/>
  <testcase classname="com.oryggi.tests.LoginTest" name="testLoginWithEmptyUsername" time="0.838"/>
  <testcase classname="com.oryggi.tests.LoginTest" name="testLoginWithInvalidCredentials" time="2.528"/>
  <testcase classname="com.oryggi.tests.LoginTest" name="testLoginWithUsername" time="3.017"/>
  <testcase classname="com.oryggi.tests.LoginTest" name="testPasswordMasking" time="0.587"/>
  <testcase classname="com.oryggi.tests.LoginTest" name="testRememberMeFunctionality" time="3.313">
    <failure type="java.lang.AssertionError" message="Remember Me functionality failed! expected [Admin] but found []">
      <![CDATA[java.lang.AssertionError: Remember Me functionality failed! expected [Admin] but found []
at com.oryggi.tests.LoginTest.testRememberMeFunctionality(LoginTest.java:161)
at java.base/java.util.ArrayList.forEach(ArrayList.java:1596)
... Removed 30 stack frames]]>
    </failure>
  </testcase> <!-- testRememberMeFunctionality -->
  <testcase classname="com.oryggi.tests.LoginTest" name="verifyLoginPageTitle" time="0.532"/>
</testsuite> <!-- All Tests -->
